 24-09-2024 02:53:00:646 [pid=2110497 tid=2110497] NOTICE  cufio-drv:720 running in compatible mode
 24-09-2024 02:53:02:332 [pid=2110497 tid=2110497] ERROR  cufio-fs:79 mount option not found in mount table data device: /dev/sda4
 24-09-2024 02:53:40:861 [pid=2111051 tid=2111051] NOTICE  cufio-drv:720 running in compatible mode
 24-09-2024 02:53:42:385 [pid=2111051 tid=2111051] ERROR  cufio-fs:79 mount option not found in mount table data device: /dev/sda4
 24-09-2024 02:55:11:657 [pid=2111478 tid=2111478] NOTICE  cufio-drv:720 running in compatible mode
 24-09-2024 02:55:13:190 [pid=2111478 tid=2111478] ERROR  cufio-fs:79 mount option not found in mount table data device: /dev/sda4
 24-09-2024 02:55:33:578 [pid=2111739 tid=2111739] NOTICE  cufio-drv:720 running in compatible mode
 24-09-2024 02:55:35:91 [pid=2111739 tid=2111739] ERROR  cufio-fs:79 mount option not found in mount table data device: /dev/sda4
 24-09-2024 02:56:34:435 [pid=2112014 tid=2112014] NOTICE  cufio-drv:720 running in compatible mode
 24-09-2024 02:56:35:918 [pid=2112014 tid=2112014] ERROR  cufio-fs:79 mount option not found in mount table data device: /dev/sda4
 24-09-2024 03:03:32:748 [pid=2112925 tid=2112925] NOTICE  cufio-drv:720 running in compatible mode
 24-09-2024 03:03:34:281 [pid=2112925 tid=2112925] ERROR  cufio-fs:79 mount option not found in mount table data device: /dev/sda4
 24-09-2024 04:02:52:448 [pid=2124200 tid=2124200] NOTICE  cufio-drv:720 running in compatible mode
 24-09-2024 04:02:53:971 [pid=2124200 tid=2124200] ERROR  cufio-fs:79 mount option not found in mount table data device: /dev/sda4
 24-09-2024 04:03:07:56 [pid=2124577 tid=2124577] NOTICE  cufio-drv:720 running in compatible mode
 24-09-2024 04:03:08:574 [pid=2124577 tid=2124577] ERROR  cufio-fs:79 mount option not found in mount table data device: /dev/sda4
 27-09-2024 11:10:49:717 [pid=2617911 tid=2617911] NOTICE  cufio-drv:720 running in compatible mode
 27-09-2024 11:10:51:361 [pid=2617911 tid=2617911] ERROR  cufio-fs:79 mount option not found in mount table data device: /dev/sda4
 27-09-2024 12:22:30:748 [pid=2626020 tid=2626020] NOTICE  cufio-drv:720 running in compatible mode
 27-09-2024 12:22:32:231 [pid=2626020 tid=2626020] ERROR  cufio-fs:79 mount option not found in mount table data device: /dev/sda4
 27-09-2024 12:24:19:622 [pid=2626489 tid=2626489] NOTICE  cufio-drv:720 running in compatible mode
 27-09-2024 12:24:21:145 [pid=2626489 tid=2626489] ERROR  cufio-fs:79 mount option not found in mount table data device: /dev/sda4
 27-09-2024 12:26:40:424 [pid=2626970 tid=2626970] NOTICE  cufio-drv:720 running in compatible mode
 27-09-2024 12:26:41:962 [pid=2626970 tid=2626970] ERROR  cufio-fs:79 mount option not found in mount table data device: /dev/sda4
 27-09-2024 12:26:59:905 [pid=2627297 tid=2627297] NOTICE  cufio-drv:720 running in compatible mode
 27-09-2024 12:27:01:452 [pid=2627297 tid=2627297] ERROR  cufio-fs:79 mount option not found in mount table data device: /dev/sda4
 27-09-2024 12:27:11:487 [pid=2627593 tid=2627593] NOTICE  cufio-drv:720 running in compatible mode
 27-09-2024 12:27:12:997 [pid=2627593 tid=2627593] ERROR  cufio-fs:79 mount option not found in mount table data device: /dev/sda4
 27-09-2024 12:27:20:703 [pid=2627886 tid=2627886] NOTICE  cufio-drv:720 running in compatible mode
 27-09-2024 12:27:22:238 [pid=2627886 tid=2627886] ERROR  cufio-fs:79 mount option not found in mount table data device: /dev/sda4
 27-09-2024 12:31:08:431 [pid=2628524 tid=2628524] NOTICE  cufio-drv:720 running in compatible mode
 27-09-2024 12:31:09:952 [pid=2628524 tid=2628524] ERROR  cufio-fs:79 mount option not found in mount table data device: /dev/sda4
 27-09-2024 12:31:35:92 [pid=2628895 tid=2628895] NOTICE  cufio-drv:720 running in compatible mode
 27-09-2024 12:31:36:578 [pid=2628895 tid=2628895] ERROR  cufio-fs:79 mount option not found in mount table data device: /dev/sda4
 27-09-2024 12:31:59:76 [pid=2629212 tid=2629212] NOTICE  cufio-drv:720 running in compatible mode
 27-09-2024 12:32:00:605 [pid=2629212 tid=2629212] ERROR  cufio-fs:79 mount option not found in mount table data device: /dev/sda4
 27-09-2024 12:33:08:811 [pid=2629592 tid=2629592] NOTICE  cufio-drv:720 running in compatible mode
 27-09-2024 12:33:10:323 [pid=2629592 tid=2629592] ERROR  cufio-fs:79 mount option not found in mount table data device: /dev/sda4
 27-09-2024 12:34:17:761 [pid=2629994 tid=2629994] NOTICE  cufio-drv:720 running in compatible mode
 27-09-2024 12:34:19:295 [pid=2629994 tid=2629994] ERROR  cufio-fs:79 mount option not found in mount table data device: /dev/sda4
 27-09-2024 12:35:57:958 [pid=2630424 tid=2630424] NOTICE  cufio-drv:720 running in compatible mode
 27-09-2024 12:35:59:425 [pid=2630424 tid=2630424] ERROR  cufio-fs:79 mount option not found in mount table data device: /dev/sda4
 27-09-2024 12:36:12:832 [pid=2630729 tid=2630729] NOTICE  cufio-drv:720 running in compatible mode
 27-09-2024 12:36:14:357 [pid=2630729 tid=2630729] ERROR  cufio-fs:79 mount option not found in mount table data device: /dev/sda4
 27-09-2024 12:36:22:596 [pid=2631021 tid=2631021] NOTICE  cufio-drv:720 running in compatible mode
 27-09-2024 12:36:24:148 [pid=2631021 tid=2631021] ERROR  cufio-fs:79 mount option not found in mount table data device: /dev/sda4
 27-09-2024 12:39:36:546 [pid=2631573 tid=2631573] NOTICE  cufio-drv:720 running in compatible mode
 27-09-2024 12:39:38:14 [pid=2631573 tid=2631573] ERROR  cufio-fs:79 mount option not found in mount table data device: /dev/sda4
 27-09-2024 12:41:53:701 [pid=2632087 tid=2632087] NOTICE  cufio-drv:720 running in compatible mode
 27-09-2024 12:41:55:158 [pid=2632087 tid=2632087] ERROR  cufio-fs:79 mount option not found in mount table data device: /dev/sda4
 27-09-2024 12:44:13:996 [pid=2632827 tid=2632827] NOTICE  cufio-drv:720 running in compatible mode
 27-09-2024 12:44:15:508 [pid=2632827 tid=2632827] ERROR  cufio-fs:79 mount option not found in mount table data device: /dev/sda4
 27-09-2024 12:44:26:522 [pid=2633110 tid=2633110] NOTICE  cufio-drv:720 running in compatible mode
 27-09-2024 12:44:28:53 [pid=2633110 tid=2633110] ERROR  cufio-fs:79 mount option not found in mount table data device: /dev/sda4
 27-09-2024 12:44:38:838 [pid=2633420 tid=2633420] NOTICE  cufio-drv:720 running in compatible mode
 27-09-2024 12:44:40:369 [pid=2633420 tid=2633420] ERROR  cufio-fs:79 mount option not found in mount table data device: /dev/sda4
 27-09-2024 12:45:45:115 [pid=2633855 tid=2633855] NOTICE  cufio-drv:720 running in compatible mode
 27-09-2024 12:45:46:626 [pid=2633855 tid=2633855] ERROR  cufio-fs:79 mount option not found in mount table data device: /dev/sda4
 27-09-2024 12:53:12:759 [pid=2635223 tid=2635223] NOTICE  cufio-drv:720 running in compatible mode
 27-09-2024 12:53:14:239 [pid=2635223 tid=2635223] ERROR  cufio-fs:79 mount option not found in mount table data device: /dev/sda4
 27-09-2024 12:54:15:767 [pid=2635624 tid=2635624] NOTICE  cufio-drv:720 running in compatible mode
 27-09-2024 12:54:17:276 [pid=2635624 tid=2635624] ERROR  cufio-fs:79 mount option not found in mount table data device: /dev/sda4
 27-09-2024 12:55:07:771 [pid=2636009 tid=2636009] NOTICE  cufio-drv:720 running in compatible mode
 27-09-2024 12:55:09:254 [pid=2636009 tid=2636009] ERROR  cufio-fs:79 mount option not found in mount table data device: /dev/sda4
 27-09-2024 12:55:58:514 [pid=2636450 tid=2636450] NOTICE  cufio-drv:720 running in compatible mode
 27-09-2024 12:55:59:975 [pid=2636450 tid=2636450] ERROR  cufio-fs:79 mount option not found in mount table data device: /dev/sda4
 27-09-2024 12:56:20:616 [pid=2636762 tid=2636762] NOTICE  cufio-drv:720 running in compatible mode
 27-09-2024 12:56:22:127 [pid=2636762 tid=2636762] ERROR  cufio-fs:79 mount option not found in mount table data device: /dev/sda4
 27-09-2024 12:56:54:763 [pid=2637146 tid=2637146] NOTICE  cufio-drv:720 running in compatible mode
 27-09-2024 12:56:56:289 [pid=2637146 tid=2637146] ERROR  cufio-fs:79 mount option not found in mount table data device: /dev/sda4
 27-09-2024 12:57:36:753 [pid=2637525 tid=2637525] NOTICE  cufio-drv:720 running in compatible mode
 27-09-2024 12:57:38:220 [pid=2637525 tid=2637525] ERROR  cufio-fs:79 mount option not found in mount table data device: /dev/sda4
 27-09-2024 12:57:58:124 [pid=2637849 tid=2637849] NOTICE  cufio-drv:720 running in compatible mode
 27-09-2024 12:57:59:656 [pid=2637849 tid=2637849] ERROR  cufio-fs:79 mount option not found in mount table data device: /dev/sda4
 27-09-2024 12:59:08:312 [pid=2638259 tid=2638259] NOTICE  cufio-drv:720 running in compatible mode
 27-09-2024 12:59:09:834 [pid=2638259 tid=2638259] ERROR  cufio-fs:79 mount option not found in mount table data device: /dev/sda4
 27-09-2024 12:59:44:222 [pid=2638601 tid=2638601] NOTICE  cufio-drv:720 running in compatible mode
 27-09-2024 12:59:45:770 [pid=2638601 tid=2638601] ERROR  cufio-fs:79 mount option not found in mount table data device: /dev/sda4
 27-09-2024 13:00:54:500 [pid=2639002 tid=2639002] NOTICE  cufio-drv:720 running in compatible mode
 27-09-2024 13:00:56:22 [pid=2639002 tid=2639002] ERROR  cufio-fs:79 mount option not found in mount table data device: /dev/sda4
 27-09-2024 13:12:19:937 [pid=2640321 tid=2640321] NOTICE  cufio-drv:720 running in compatible mode
 27-09-2024 13:12:21:470 [pid=2640321 tid=2640321] ERROR  cufio-fs:79 mount option not found in mount table data device: /dev/sda4
 27-09-2024 13:12:34:663 [pid=2640584 tid=2640584] NOTICE  cufio-drv:720 running in compatible mode
 27-09-2024 13:12:36:205 [pid=2640584 tid=2640584] ERROR  cufio-fs:79 mount option not found in mount table data device: /dev/sda4
 27-09-2024 13:16:19:548 [pid=2641586 tid=2641586] NOTICE  cufio-drv:720 running in compatible mode
 27-09-2024 13:16:21:71 [pid=2641586 tid=2641586] ERROR  cufio-fs:79 mount option not found in mount table data device: /dev/sda4
 27-09-2024 13:18:34:779 [pid=2642082 tid=2642082] NOTICE  cufio-drv:720 running in compatible mode
 27-09-2024 13:18:36:302 [pid=2642082 tid=2642082] ERROR  cufio-fs:79 mount option not found in mount table data device: /dev/sda4
 27-09-2024 13:20:04:175 [pid=2642558 tid=2642558] NOTICE  cufio-drv:720 running in compatible mode
 27-09-2024 13:20:05:696 [pid=2642558 tid=2642558] ERROR  cufio-fs:79 mount option not found in mount table data device: /dev/sda4
 27-09-2024 13:21:12:294 [pid=2643140 tid=2643140] NOTICE  cufio-drv:720 running in compatible mode
 27-09-2024 13:21:13:824 [pid=2643140 tid=2643140] ERROR  cufio-fs:79 mount option not found in mount table data device: /dev/sda4
 27-09-2024 13:21:31:895 [pid=2643463 tid=2643463] NOTICE  cufio-drv:720 running in compatible mode
 27-09-2024 13:21:33:431 [pid=2643463 tid=2643463] ERROR  cufio-fs:79 mount option not found in mount table data device: /dev/sda4
 27-09-2024 13:21:49:66 [pid=2643801 tid=2643801] NOTICE  cufio-drv:720 running in compatible mode
 27-09-2024 13:21:50:600 [pid=2643801 tid=2643801] ERROR  cufio-fs:79 mount option not found in mount table data device: /dev/sda4
 27-09-2024 13:22:16:755 [pid=2644140 tid=2644140] NOTICE  cufio-drv:720 running in compatible mode
 27-09-2024 13:22:18:284 [pid=2644140 tid=2644140] ERROR  cufio-fs:79 mount option not found in mount table data device: /dev/sda4
 27-09-2024 13:23:15:153 [pid=2644505 tid=2644505] NOTICE  cufio-drv:720 running in compatible mode
 27-09-2024 13:23:16:668 [pid=2644505 tid=2644505] ERROR  cufio-fs:79 mount option not found in mount table data device: /dev/sda4
 27-09-2024 13:23:30:270 [pid=2644819 tid=2644819] NOTICE  cufio-drv:720 running in compatible mode
 27-09-2024 13:23:31:753 [pid=2644819 tid=2644819] ERROR  cufio-fs:79 mount option not found in mount table data device: /dev/sda4
 27-09-2024 13:23:51:341 [pid=2645161 tid=2645161] NOTICE  cufio-drv:720 running in compatible mode
 27-09-2024 13:23:52:866 [pid=2645161 tid=2645161] ERROR  cufio-fs:79 mount option not found in mount table data device: /dev/sda4
 27-09-2024 13:24:04:698 [pid=2645472 tid=2645472] NOTICE  cufio-drv:720 running in compatible mode
 27-09-2024 13:24:06:187 [pid=2645472 tid=2645472] ERROR  cufio-fs:79 mount option not found in mount table data device: /dev/sda4
 27-09-2024 13:24:27:16 [pid=2645843 tid=2645843] NOTICE  cufio-drv:720 running in compatible mode
 27-09-2024 13:24:28:554 [pid=2645843 tid=2645843] ERROR  cufio-fs:79 mount option not found in mount table data device: /dev/sda4
 27-09-2024 13:24:41:340 [pid=2646172 tid=2646172] NOTICE  cufio-drv:720 running in compatible mode
 27-09-2024 13:24:42:871 [pid=2646172 tid=2646172] ERROR  cufio-fs:79 mount option not found in mount table data device: /dev/sda4
 27-09-2024 13:25:11:951 [pid=2646521 tid=2646521] NOTICE  cufio-drv:720 running in compatible mode
 27-09-2024 13:25:13:422 [pid=2646521 tid=2646521] ERROR  cufio-fs:79 mount option not found in mount table data device: /dev/sda4
 27-09-2024 13:25:43:482 [pid=2646868 tid=2646868] NOTICE  cufio-drv:720 running in compatible mode
 27-09-2024 13:25:45:15 [pid=2646868 tid=2646868] ERROR  cufio-fs:79 mount option not found in mount table data device: /dev/sda4
 27-09-2024 13:28:34:679 [pid=2647416 tid=2647416] NOTICE  cufio-drv:720 running in compatible mode
 27-09-2024 13:28:36:193 [pid=2647416 tid=2647416] ERROR  cufio-fs:79 mount option not found in mount table data device: /dev/sda4
 27-09-2024 15:08:08:836 [pid=2658318 tid=2658562] NOTICE  cufio-drv:720 running in compatible mode
 27-09-2024 15:08:10:384 [pid=2658318 tid=2658565] ERROR  cufio-fs:79 mount option not found in mount table data device: /dev/sda4
 27-09-2024 15:22:18:882 [pid=2660940 tid=2661182] NOTICE  cufio-drv:720 running in compatible mode
 27-09-2024 15:22:20:416 [pid=2660940 tid=2661222] ERROR  cufio-fs:79 mount option not found in mount table data device: /dev/sda4
 27-09-2024 15:23:26:851 [pid=2661759 tid=2662000] NOTICE  cufio-drv:720 running in compatible mode
 27-09-2024 15:23:28:392 [pid=2661759 tid=2662018] ERROR  cufio-fs:79 mount option not found in mount table data device: /dev/sda4
 27-09-2024 15:30:30:862 [pid=2662870 tid=2663111] NOTICE  cufio-drv:720 running in compatible mode
 27-09-2024 15:30:32:408 [pid=2662870 tid=2663117] ERROR  cufio-fs:79 mount option not found in mount table data device: /dev/sda4
 27-09-2024 15:31:03:971 [pid=2663370 tid=2663593] NOTICE  cufio-drv:720 running in compatible mode
 27-09-2024 15:31:05:516 [pid=2663370 tid=2663594] ERROR  cufio-fs:79 mount option not found in mount table data device: /dev/sda4
 27-09-2024 15:32:40:424 [pid=2663965 tid=2664208] NOTICE  cufio-drv:720 running in compatible mode
 27-09-2024 15:32:41:960 [pid=2663965 tid=2664253] ERROR  cufio-fs:79 mount option not found in mount table data device: /dev/sda4
 27-09-2024 15:33:04:518 [pid=2664455 tid=2664678] NOTICE  cufio-drv:720 running in compatible mode
 27-09-2024 15:33:06:44 [pid=2664455 tid=2664679] ERROR  cufio-fs:79 mount option not found in mount table data device: /dev/sda4
 27-09-2024 15:37:31:852 [pid=2665299 tid=2665562] NOTICE  cufio-drv:720 running in compatible mode
 27-09-2024 15:37:33:392 [pid=2665299 tid=2665567] ERROR  cufio-fs:79 mount option not found in mount table data device: /dev/sda4
 27-09-2024 15:39:44:379 [pid=2665985 tid=2666211] NOTICE  cufio-drv:720 running in compatible mode
 27-09-2024 15:39:45:932 [pid=2665985 tid=2666214] ERROR  cufio-fs:79 mount option not found in mount table data device: /dev/sda4
 27-09-2024 15:40:44:913 [pid=2666508 tid=2666749] NOTICE  cufio-drv:720 running in compatible mode
 27-09-2024 15:40:46:447 [pid=2666508 tid=2666792] ERROR  cufio-fs:79 mount option not found in mount table data device: /dev/sda4
 27-09-2024 15:41:26:654 [pid=2666978 tid=2667219] NOTICE  cufio-drv:720 running in compatible mode
 27-09-2024 15:41:28:189 [pid=2666978 tid=2667227] ERROR  cufio-fs:79 mount option not found in mount table data device: /dev/sda4
 27-09-2024 15:41:51:615 [pid=2667494 tid=2667735] NOTICE  cufio-drv:720 running in compatible mode
 27-09-2024 15:41:53:156 [pid=2667494 tid=2667740] ERROR  cufio-fs:79 mount option not found in mount table data device: /dev/sda4
 27-09-2024 15:47:16:255 [pid=2668482 tid=2668482] NOTICE  cufio-drv:720 running in compatible mode
 27-09-2024 15:47:17:786 [pid=2668482 tid=2668482] ERROR  cufio-fs:79 mount option not found in mount table data device: /dev/sda4
 27-09-2024 15:48:36:184 [pid=2668903 tid=2668903] NOTICE  cufio-drv:720 running in compatible mode
 27-09-2024 15:48:37:711 [pid=2668903 tid=2668903] ERROR  cufio-fs:79 mount option not found in mount table data device: /dev/sda4
 27-09-2024 15:49:08:116 [pid=2669232 tid=2669232] NOTICE  cufio-drv:720 running in compatible mode
 27-09-2024 15:49:09:652 [pid=2669232 tid=2669232] ERROR  cufio-fs:79 mount option not found in mount table data device: /dev/sda4
 27-09-2024 16:01:00:965 [pid=2670643 tid=2670643] NOTICE  cufio-drv:720 running in compatible mode
 27-09-2024 16:01:02:441 [pid=2670643 tid=2670643] ERROR  cufio-fs:79 mount option not found in mount table data device: /dev/sda4
 27-09-2024 16:02:16:670 [pid=2671040 tid=2671040] NOTICE  cufio-drv:720 running in compatible mode
 27-09-2024 16:02:18:146 [pid=2671040 tid=2671040] ERROR  cufio-fs:79 mount option not found in mount table data device: /dev/sda4
 27-09-2024 16:02:28:489 [pid=2671365 tid=2671365] NOTICE  cufio-drv:720 running in compatible mode
 27-09-2024 16:02:30:27 [pid=2671365 tid=2671365] ERROR  cufio-fs:79 mount option not found in mount table data device: /dev/sda4
 27-09-2024 16:02:57:893 [pid=2671724 tid=2671724] NOTICE  cufio-drv:720 running in compatible mode
 27-09-2024 16:02:59:354 [pid=2671724 tid=2671724] ERROR  cufio-fs:79 mount option not found in mount table data device: /dev/sda4
 27-09-2024 16:03:17:578 [pid=2672058 tid=2672058] NOTICE  cufio-drv:720 running in compatible mode
 27-09-2024 16:03:19:88 [pid=2672058 tid=2672058] ERROR  cufio-fs:79 mount option not found in mount table data device: /dev/sda4
 27-09-2024 16:04:26:63 [pid=2672465 tid=2672465] NOTICE  cufio-drv:720 running in compatible mode
 27-09-2024 16:04:27:589 [pid=2672465 tid=2672465] ERROR  cufio-fs:79 mount option not found in mount table data device: /dev/sda4
 27-09-2024 16:07:51:321 [pid=2673083 tid=2673083] NOTICE  cufio-drv:720 running in compatible mode
 27-09-2024 16:07:52:837 [pid=2673083 tid=2673083] ERROR  cufio-fs:79 mount option not found in mount table data device: /dev/sda4
 27-09-2024 16:15:47:74 [pid=2674085 tid=2674085] NOTICE  cufio-drv:720 running in compatible mode
 27-09-2024 16:15:48:588 [pid=2674085 tid=2674085] ERROR  cufio-fs:79 mount option not found in mount table data device: /dev/sda4
 27-09-2024 16:17:29:719 [pid=2674578 tid=2674578] NOTICE  cufio-drv:720 running in compatible mode
 27-09-2024 16:17:31:256 [pid=2674578 tid=2674578] ERROR  cufio-fs:79 mount option not found in mount table data device: /dev/sda4
 27-09-2024 16:18:00:995 [pid=2674930 tid=2674930] NOTICE  cufio-drv:720 running in compatible mode
 27-09-2024 16:18:02:529 [pid=2674930 tid=2674930] ERROR  cufio-fs:79 mount option not found in mount table data device: /dev/sda4
 27-09-2024 16:24:29:28 [pid=2675818 tid=2675818] NOTICE  cufio-drv:720 running in compatible mode
 27-09-2024 16:24:30:545 [pid=2675818 tid=2675818] ERROR  cufio-fs:79 mount option not found in mount table data device: /dev/sda4
 27-09-2024 16:24:47:993 [pid=2676141 tid=2676141] NOTICE  cufio-drv:720 running in compatible mode
 27-09-2024 16:24:49:520 [pid=2676141 tid=2676141] ERROR  cufio-fs:79 mount option not found in mount table data device: /dev/sda4
 27-09-2024 16:25:43:83 [pid=2676514 tid=2676514] NOTICE  cufio-drv:720 running in compatible mode
 27-09-2024 16:25:44:568 [pid=2676514 tid=2676514] ERROR  cufio-fs:79 mount option not found in mount table data device: /dev/sda4
 27-09-2024 16:27:04:202 [pid=2677042 tid=2677042] NOTICE  cufio-drv:720 running in compatible mode
 27-09-2024 16:27:05:724 [pid=2677042 tid=2677042] ERROR  cufio-fs:79 mount option not found in mount table data device: /dev/sda4
 27-09-2024 16:28:57:822 [pid=2677758 tid=2677758] NOTICE  cufio-drv:720 running in compatible mode
 27-09-2024 16:28:59:307 [pid=2677758 tid=2677758] ERROR  cufio-fs:79 mount option not found in mount table data device: /dev/sda4
 27-09-2024 16:31:24:342 [pid=2678299 tid=2678299] NOTICE  cufio-drv:720 running in compatible mode
 27-09-2024 16:31:25:865 [pid=2678299 tid=2678299] ERROR  cufio-fs:79 mount option not found in mount table data device: /dev/sda4
 27-09-2024 16:35:30:515 [pid=2678971 tid=2678971] NOTICE  cufio-drv:720 running in compatible mode
 27-09-2024 16:35:32:39 [pid=2678971 tid=2678971] ERROR  cufio-fs:79 mount option not found in mount table data device: /dev/sda4
 27-09-2024 16:36:24:630 [pid=2679373 tid=2679373] NOTICE  cufio-drv:720 running in compatible mode
 27-09-2024 16:36:26:155 [pid=2679373 tid=2679373] ERROR  cufio-fs:79 mount option not found in mount table data device: /dev/sda4
 27-09-2024 16:37:14:544 [pid=2679731 tid=2679731] NOTICE  cufio-drv:720 running in compatible mode
 27-09-2024 16:37:16:73 [pid=2679731 tid=2679731] ERROR  cufio-fs:79 mount option not found in mount table data device: /dev/sda4
 27-09-2024 16:39:57:59 [pid=2680293 tid=2680293] NOTICE  cufio-drv:720 running in compatible mode
 27-09-2024 16:39:58:568 [pid=2680293 tid=2680293] ERROR  cufio-fs:79 mount option not found in mount table data device: /dev/sda4
 27-09-2024 16:41:27:72 [pid=2680766 tid=2680766] NOTICE  cufio-drv:720 running in compatible mode
 27-09-2024 16:41:28:559 [pid=2680766 tid=2680766] ERROR  cufio-fs:79 mount option not found in mount table data device: /dev/sda4
 27-09-2024 16:41:44:24 [pid=2681083 tid=2681083] NOTICE  cufio-drv:720 running in compatible mode
 27-09-2024 16:41:45:566 [pid=2681083 tid=2681083] ERROR  cufio-fs:79 mount option not found in mount table data device: /dev/sda4
 27-09-2024 16:45:44:140 [pid=2681835 tid=2681835] NOTICE  cufio-drv:720 running in compatible mode
 27-09-2024 16:45:45:679 [pid=2681835 tid=2681835] ERROR  cufio-fs:79 mount option not found in mount table data device: /dev/sda4
 27-09-2024 16:46:50:860 [pid=2682307 tid=2682307] NOTICE  cufio-drv:720 running in compatible mode
 27-09-2024 16:46:52:401 [pid=2682307 tid=2682307] ERROR  cufio-fs:79 mount option not found in mount table data device: /dev/sda4
 27-09-2024 16:47:17:955 [pid=2682654 tid=2682654] NOTICE  cufio-drv:720 running in compatible mode
 27-09-2024 16:47:19:482 [pid=2682654 tid=2682654] ERROR  cufio-fs:79 mount option not found in mount table data device: /dev/sda4
 27-09-2024 16:50:15:707 [pid=2683278 tid=2683278] NOTICE  cufio-drv:720 running in compatible mode
 27-09-2024 16:50:17:215 [pid=2683278 tid=2683278] ERROR  cufio-fs:79 mount option not found in mount table data device: /dev/sda4
 27-09-2024 16:52:16:261 [pid=2683972 tid=2683972] NOTICE  cufio-drv:720 running in compatible mode
 27-09-2024 16:52:17:794 [pid=2683972 tid=2683972] ERROR  cufio-fs:79 mount option not found in mount table data device: /dev/sda4
 27-09-2024 16:52:45:696 [pid=2684321 tid=2684321] NOTICE  cufio-drv:720 running in compatible mode
 27-09-2024 16:52:47:225 [pid=2684321 tid=2684321] ERROR  cufio-fs:79 mount option not found in mount table data device: /dev/sda4
 27-09-2024 16:55:15:150 [pid=2685068 tid=2685068] NOTICE  cufio-drv:720 running in compatible mode
 27-09-2024 16:55:16:634 [pid=2685068 tid=2685068] ERROR  cufio-fs:79 mount option not found in mount table data device: /dev/sda4
 27-09-2024 16:56:30:791 [pid=2685551 tid=2685551] NOTICE  cufio-drv:720 running in compatible mode
 27-09-2024 16:56:32:321 [pid=2685551 tid=2685551] ERROR  cufio-fs:79 mount option not found in mount table data device: /dev/sda4
 27-09-2024 16:57:45:468 [pid=2686072 tid=2686072] NOTICE  cufio-drv:720 running in compatible mode
 27-09-2024 16:57:47:19 [pid=2686072 tid=2686072] ERROR  cufio-fs:79 mount option not found in mount table data device: /dev/sda4
 27-09-2024 16:58:45:568 [pid=2686500 tid=2686500] NOTICE  cufio-drv:720 running in compatible mode
 27-09-2024 16:58:47:90 [pid=2686500 tid=2686500] ERROR  cufio-fs:79 mount option not found in mount table data device: /dev/sda4
 27-09-2024 17:07:48:212 [pid=2687912 tid=2687912] NOTICE  cufio-drv:720 running in compatible mode
 27-09-2024 17:07:49:730 [pid=2687912 tid=2687912] ERROR  cufio-fs:79 mount option not found in mount table data device: /dev/sda4
 27-09-2024 17:09:06:884 [pid=2688317 tid=2688317] NOTICE  cufio-drv:720 running in compatible mode
 27-09-2024 17:09:08:422 [pid=2688317 tid=2688317] ERROR  cufio-fs:79 mount option not found in mount table data device: /dev/sda4
 27-09-2024 17:09:33:719 [pid=2688660 tid=2688660] NOTICE  cufio-drv:720 running in compatible mode
 27-09-2024 17:09:35:248 [pid=2688660 tid=2688660] ERROR  cufio-fs:79 mount option not found in mount table data device: /dev/sda4
 27-09-2024 17:10:03:147 [pid=2689006 tid=2689006] NOTICE  cufio-drv:720 running in compatible mode
 27-09-2024 17:10:04:673 [pid=2689006 tid=2689006] ERROR  cufio-fs:79 mount option not found in mount table data device: /dev/sda4
 27-09-2024 17:10:57:484 [pid=2689418 tid=2689418] NOTICE  cufio-drv:720 running in compatible mode
 27-09-2024 17:10:59:29 [pid=2689418 tid=2689418] ERROR  cufio-fs:79 mount option not found in mount table data device: /dev/sda4
 27-09-2024 17:11:01:631 [pid=2689684 tid=2689684] NOTICE  cufio-drv:720 running in compatible mode
 27-09-2024 17:11:03:155 [pid=2689684 tid=2689684] ERROR  cufio-fs:79 mount option not found in mount table data device: /dev/sda4
 27-09-2024 17:12:50:426 [pid=2690198 tid=2690198] NOTICE  cufio-drv:720 running in compatible mode
 27-09-2024 17:12:51:943 [pid=2690198 tid=2690198] ERROR  cufio-fs:79 mount option not found in mount table data device: /dev/sda4
 27-09-2024 17:16:19:234 [pid=2691286 tid=2691286] NOTICE  cufio-drv:720 running in compatible mode
 27-09-2024 17:16:20:766 [pid=2691286 tid=2691286] ERROR  cufio-fs:79 mount option not found in mount table data device: /dev/sda4
 27-09-2024 17:16:47:574 [pid=2691663 tid=2691663] NOTICE  cufio-drv:720 running in compatible mode
 27-09-2024 17:16:49:91 [pid=2691663 tid=2691663] ERROR  cufio-fs:79 mount option not found in mount table data device: /dev/sda4
 27-09-2024 17:19:29:448 [pid=2692390 tid=2692390] NOTICE  cufio-drv:720 running in compatible mode
 27-09-2024 17:19:31:16 [pid=2692390 tid=2692390] ERROR  cufio-fs:79 mount option not found in mount table data device: /dev/sda4
 27-09-2024 17:20:44:885 [pid=2692970 tid=2692970] NOTICE  cufio-drv:720 running in compatible mode
 27-09-2024 17:20:46:417 [pid=2692970 tid=2692970] ERROR  cufio-fs:79 mount option not found in mount table data device: /dev/sda4
 27-09-2024 17:22:16:189 [pid=2693539 tid=2693539] NOTICE  cufio-drv:720 running in compatible mode
 27-09-2024 17:22:17:721 [pid=2693539 tid=2693539] ERROR  cufio-fs:79 mount option not found in mount table data device: /dev/sda4
 27-09-2024 17:24:08:950 [pid=2694080 tid=2694080] NOTICE  cufio-drv:720 running in compatible mode
 27-09-2024 17:24:10:467 [pid=2694080 tid=2694080] ERROR  cufio-fs:79 mount option not found in mount table data device: /dev/sda4
 27-09-2024 17:24:40:667 [pid=2694428 tid=2694428] NOTICE  cufio-drv:720 running in compatible mode
 27-09-2024 17:24:42:177 [pid=2694428 tid=2694428] ERROR  cufio-fs:79 mount option not found in mount table data device: /dev/sda4
 27-09-2024 17:25:35:819 [pid=2694854 tid=2694854] NOTICE  cufio-drv:720 running in compatible mode
 27-09-2024 17:25:37:347 [pid=2694854 tid=2694854] ERROR  cufio-fs:79 mount option not found in mount table data device: /dev/sda4
 27-09-2024 17:26:27:203 [pid=2695269 tid=2695269] NOTICE  cufio-drv:720 running in compatible mode
 27-09-2024 17:26:28:731 [pid=2695269 tid=2695269] ERROR  cufio-fs:79 mount option not found in mount table data device: /dev/sda4
 27-09-2024 17:28:06:770 [pid=2695746 tid=2695746] NOTICE  cufio-drv:720 running in compatible mode
 27-09-2024 17:28:08:287 [pid=2695746 tid=2695746] ERROR  cufio-fs:79 mount option not found in mount table data device: /dev/sda4
 27-09-2024 17:29:23:227 [pid=2696275 tid=2696275] NOTICE  cufio-drv:720 running in compatible mode
 27-09-2024 17:29:24:755 [pid=2696275 tid=2696275] ERROR  cufio-fs:79 mount option not found in mount table data device: /dev/sda4
 27-09-2024 17:31:02:374 [pid=2697126 tid=2697368] NOTICE  cufio-drv:720 running in compatible mode
 27-09-2024 17:31:03:925 [pid=2697126 tid=2697375] ERROR  cufio-fs:79 mount option not found in mount table data device: /dev/sda4
 27-09-2024 17:34:21:461 [pid=2697990 tid=2698216] NOTICE  cufio-drv:720 running in compatible mode
 27-09-2024 17:34:22:992 [pid=2697990 tid=2698224] ERROR  cufio-fs:79 mount option not found in mount table data device: /dev/sda4
 27-09-2024 17:36:56:637 [pid=2698738 tid=2698738] NOTICE  cufio-drv:720 running in compatible mode
 27-09-2024 17:36:58:119 [pid=2698738 tid=2698738] ERROR  cufio-fs:79 mount option not found in mount table data device: /dev/sda4
<<<<<<< HEAD
 07-10-2024 12:37:25:334 [pid=175626 tid=175626] NOTICE  cufio-drv:720 running in compatible mode
 07-10-2024 12:37:26:880 [pid=175626 tid=175626] ERROR  cufio-fs:79 mount option not found in mount table data device: /dev/sda4
 07-10-2024 12:37:58:143 [pid=176043 tid=176043] NOTICE  cufio-drv:720 running in compatible mode
 07-10-2024 12:37:59:661 [pid=176043 tid=176043] ERROR  cufio-fs:79 mount option not found in mount table data device: /dev/sda4
 07-10-2024 12:38:54:314 [pid=176484 tid=176484] NOTICE  cufio-drv:720 running in compatible mode
 07-10-2024 12:38:55:836 [pid=176484 tid=176484] ERROR  cufio-fs:79 mount option not found in mount table data device: /dev/sda4
 07-10-2024 12:39:40:715 [pid=176999 tid=176999] NOTICE  cufio-drv:720 running in compatible mode
 07-10-2024 12:39:42:247 [pid=176999 tid=176999] ERROR  cufio-fs:79 mount option not found in mount table data device: /dev/sda4
 07-10-2024 12:41:06:741 [pid=177881 tid=177881] NOTICE  cufio-drv:720 running in compatible mode
 07-10-2024 12:41:08:275 [pid=177881 tid=177881] ERROR  cufio-fs:79 mount option not found in mount table data device: /dev/sda4
 07-10-2024 12:41:30:505 [pid=178219 tid=178219] NOTICE  cufio-drv:720 running in compatible mode
 07-10-2024 12:41:32:32 [pid=178219 tid=178219] ERROR  cufio-fs:79 mount option not found in mount table data device: /dev/sda4
=======
>>>>>>> origin/cloudlab
